This is pdfTeX, Version 3.14159265-2.6-1.40.16 (TeX Live 2015/Debian) (preloaded format=pdflatex 2016.10.21)  22 OCT 2016 21:55
entering extended mode
 restricted \write18 enabled.
 %&-line parsing enabled.
**CG4IACS.tex
(./CG4IACS.tex
LaTeX2e <2016/02/01>
Babel <3.9q> and hyphenation patterns for 81 language(s) loaded.
(/usr/share/texlive/texmf-dist/tex/latex/base/article.cls
Document Class: article 2014/09/29 v1.4h Standard LaTeX document class
(/usr/share/texlive/texmf-dist/tex/latex/base/size12.clo
File: size12.clo 2014/09/29 v1.4h Standard LaTeX file (size option)
)
\c@part=\count79
\c@section=\count80
\c@subsection=\count81
\c@subsubsection=\count82
\c@paragraph=\count83
\c@subparagraph=\count84
\c@figure=\count85
\c@table=\count86
\abovecaptionskip=\skip41
\belowcaptionskip=\skip42
\bibindent=\dimen102
)
(/usr/share/texlive/texmf-dist/tex/latex/comment/comment.sty
\CommentStream=\write3

Excluding comment 'comment')
(/usr/share/texlive/texmf-dist/tex/latex/booktabs/booktabs.sty
Package: booktabs 2005/04/14 v1.61803 publication quality tables
\heavyrulewidth=\dimen103
\lightrulewidth=\dimen104
\cmidrulewidth=\dimen105
\belowrulesep=\dimen106
\belowbottomsep=\dimen107
\aboverulesep=\dimen108
\abovetopsep=\dimen109
\cmidrulesep=\dimen110
\cmidrulekern=\dimen111
\defaultaddspace=\dimen112
\@cmidla=\count87
\@cmidlb=\count88
\@aboverulesep=\dimen113
\@belowrulesep=\dimen114
\@thisruleclass=\count89
\@lastruleclass=\count90
\@thisrulewidth=\dimen115
)
(/usr/share/texlive/texmf-dist/tex/latex/epigraph/epigraph.sty
Package: epigraph 2009/09/02 v1.5c typesetting epigraphs
\beforeepigraphskip=\skip43
\afterepigraphskip=\skip44
\epigraphwidth=\skip45
\epigraphrule=\skip46
)
(/usr/share/texlive/texmf-dist/tex/latex/subfig/subfig.sty
Package: subfig 2005/06/28 ver: 1.3 subfig package

(/usr/share/texlive/texmf-dist/tex/latex/graphics/keyval.sty
Package: keyval 2014/10/28 v1.15 key=value parser (DPC)
\KV@toks@=\toks14
)
(/usr/share/texlive/texmf-dist/tex/latex/caption/caption.sty
Package: caption 2016/02/21 v3.3-144 Customizing captions (AR)

(/usr/share/texlive/texmf-dist/tex/latex/caption/caption3.sty
Package: caption3 2016/02/04 v1.7-139 caption3 kernel (AR)
Package caption3 Info: TeX engine: e-TeX on input line 67.
\captionmargin=\dimen116
\captionmargin@=\dimen117
\captionwidth=\dimen118
\caption@tempdima=\dimen119
\caption@indent=\dimen120
\caption@parindent=\dimen121
\caption@hangindent=\dimen122
)
\c@ContinuedFloat=\count91
)
\c@KVtest=\count92
\sf@farskip=\skip47
\sf@captopadj=\dimen123
\sf@capskip=\skip48
\sf@nearskip=\skip49
\c@subfigure=\count93
\c@subfigure@save=\count94
\c@lofdepth=\count95
\c@subtable=\count96
\c@subtable@save=\count97
\c@lotdepth=\count98
\sf@top=\skip50
\sf@bottom=\skip51
)
(/usr/share/texlive/texmf-dist/tex/latex/tools/tabularx.sty
Package: tabularx 2014/10/28 v2.10 `tabularx' package (DPC)

(/usr/share/texlive/texmf-dist/tex/latex/tools/array.sty
Package: array 2014/10/28 v2.4c Tabular extension package (FMi)
\col@sep=\dimen124
\extrarowheight=\dimen125
\NC@list=\toks15
\extratabsurround=\skip52
\backup@length=\skip53
)
\TX@col@width=\dimen126
\TX@old@table=\dimen127
\TX@old@col=\dimen128
\TX@target=\dimen129
\TX@delta=\dimen130
\TX@cols=\count99
\TX@ftn=\toks16
)
(/usr/share/texlive/texmf-dist/tex/latex/xtab/xtab.sty
Package: xtab 2011/07/31 v2.3f Extended supertabular package
\c@tracingst=\count100
\PWSTcapht=\dimen131
\ST@wd=\dimen132
\ST@rightskip=\skip54
\ST@leftskip=\skip55
\ST@parfillskip=\skip56
\c@PWSTtable=\count101
\PWSTlastpage=\count102
\PWSTpenultimate=\count103
\PWSTcurpage=\count104
\PWSTtempc=\count105
\PWSTlines=\count106
\PWST@lastht=\dimen133
\PWST@generalht=\dimen134
\PWST@ht=\dimen135
\ST@pageleft=\dimen136
\ST@headht=\dimen137
\ST@tailht=\dimen138
\ST@pagesofar=\dimen139
\ST@pboxht=\dimen140
\ST@lineht=\dimen141
\ST@stretchht=\dimen142
\ST@prevht=\dimen143
\ST@toadd=\dimen144
\ST@dimen=\dimen145
\ST@pbox=\box26
)
(/usr/share/texlive/texmf-dist/tex/generic/ulem/ulem.sty
\UL@box=\box27
\UL@hyphenbox=\box28
\UL@skip=\skip57
\UL@hook=\toks17
\UL@height=\dimen146
\UL@pe=\count107
\UL@pixel=\dimen147
\ULC@box=\box29
Package: ulem 2012/05/18
\ULdepth=\dimen148
)
(/usr/share/texlive/texmf-dist/tex/latex/cite/cite.sty
LaTeX Info: Redefining \cite on input line 302.
LaTeX Info: Redefining \nocite on input line 332.
Package: cite 2015/02/27  v 5.5
)
(/usr/share/texlive/texmf-dist/tex/latex/graphics/graphicx.sty
Package: graphicx 2014/10/28 v1.0g Enhanced LaTeX Graphics (DPC,SPQR)

(/usr/share/texlive/texmf-dist/tex/latex/graphics/graphics.sty
Package: graphics 2016/01/03 v1.0q Standard LaTeX Graphics (DPC,SPQR)

(/usr/share/texlive/texmf-dist/tex/latex/graphics/trig.sty
Package: trig 2016/01/03 v1.10 sin cos tan (DPC)
)
(/usr/share/texlive/texmf-dist/tex/latex/latexconfig/graphics.cfg
File: graphics.cfg 2010/04/23 v1.9 graphics configuration of TeX Live
)
Package graphics Info: Driver file: pdftex.def on input line 95.

(/usr/share/texlive/texmf-dist/tex/latex/pdftex-def/pdftex.def
File: pdftex.def 2011/05/27 v0.06d Graphics/color for pdfTeX

(/usr/share/texlive/texmf-dist/tex/generic/oberdiek/infwarerr.sty
Package: infwarerr 2010/04/08 v1.3 Providing info/warning/error messages (HO)
)
(/usr/share/texlive/texmf-dist/tex/generic/oberdiek/ltxcmds.sty
Package: ltxcmds 2011/11/09 v1.22 LaTeX kernel commands for general use (HO)
)
\Gread@gobject=\count108
))
\Gin@req@height=\dimen149
\Gin@req@width=\dimen150
)
(/usr/share/texlive/texmf-dist/tex/latex/psfrag/psfrag.sty
Package: psfrag 1998/04/11 v3.04 PSfrag (MCG)
\pfg@pcount=\count109
\pfg@scount=\count110
\pfg@temp=\write4
)
(/usr/share/texlive/texmf-dist/tex/latex/url/url.sty
\Urlmuskip=\muskip10
Package: url 2013/09/16  ver 3.4  Verb mode for urls, etc.
)
(/usr/share/texlive/texmf-dist/tex/latex/sttools/stfloats.sty
Package: stfloats 2016/02/08 v2.0 Improve float mechanism and baselineskip sett
ings
\@dblbotnum=\count111
\c@dblbotnumber=\count112
)
(/usr/share/texlive/texmf-dist/tex/latex/amsmath/amsmath.sty
Package: amsmath 2016/03/03 v2.15a AMS math features
\@mathmargin=\skip58

For additional information on amsmath, use the `?' option.
(/usr/share/texlive/texmf-dist/tex/latex/amsmath/amstext.sty
Package: amstext 2000/06/29 v2.01 AMS text

(/usr/share/texlive/texmf-dist/tex/latex/amsmath/amsgen.sty
File: amsgen.sty 1999/11/30 v2.0 generic functions
\@emptytoks=\toks18
\ex@=\dimen151
))
(/usr/share/texlive/texmf-dist/tex/latex/amsmath/amsbsy.sty
Package: amsbsy 1999/11/29 v1.2d Bold Symbols
\pmbraise@=\dimen152
)
(/usr/share/texlive/texmf-dist/tex/latex/amsmath/amsopn.sty
Package: amsopn 1999/12/14 v2.01 operator names
)
\inf@bad=\count113
LaTeX Info: Redefining \frac on input line 199.
\uproot@=\count114
\leftroot@=\count115
LaTeX Info: Redefining \overline on input line 297.
\classnum@=\count116
\DOTSCASE@=\count117
LaTeX Info: Redefining \ldots on input line 394.
LaTeX Info: Redefining \dots on input line 397.
LaTeX Info: Redefining \cdots on input line 518.
\Mathstrutbox@=\box30
\strutbox@=\box31
\big@size=\dimen153
LaTeX Font Info:    Redeclaring font encoding OML on input line 630.
LaTeX Font Info:    Redeclaring font encoding OMS on input line 631.
\macc@depth=\count118
\c@MaxMatrixCols=\count119
\dotsspace@=\muskip11
\c@parentequation=\count120
\dspbrk@lvl=\count121
\tag@help=\toks19
\row@=\count122
\column@=\count123
\maxfields@=\count124
\andhelp@=\toks20
\eqnshift@=\dimen154
\alignsep@=\dimen155
\tagshift@=\dimen156
\tagwidth@=\dimen157
\totwidth@=\dimen158
\lineht@=\dimen159
\@envbody=\toks21
\multlinegap=\skip59
\multlinetaggap=\skip60
\mathdisplay@stack=\toks22
LaTeX Info: Redefining \[ on input line 2735.
LaTeX Info: Redefining \] on input line 2736.
)
(/usr/share/texlive/texmf-dist/tex/latex/amsfonts/amsfonts.sty
Package: amsfonts 2013/01/14 v3.01 Basic AMSFonts support
\symAMSa=\mathgroup4
\symAMSb=\mathgroup5
LaTeX Font Info:    Overwriting math alphabet `\mathfrak' in version `bold'
(Font)                  U/euf/m/n --> U/euf/b/n on input line 106.
)
(/usr/share/texlive/texmf-dist/tex/latex/fancyhdr/fancyhdr.sty
\fancy@headwidth=\skip61
\f@ncyO@elh=\skip62
\f@ncyO@erh=\skip63
\f@ncyO@olh=\skip64
\f@ncyO@orh=\skip65
\f@ncyO@elf=\skip66
\f@ncyO@erf=\skip67
\f@ncyO@olf=\skip68
\f@ncyO@orf=\skip69
)
(/usr/share/texlive/texmf-dist/tex/latex/jurabib/jurabib.sty
Package: jurabib 2004/01/25 v0.6 Extended citations

(/usr/share/texlive/texmf-dist/tex/latex/base/ifthen.sty
Package: ifthen 2014/09/29 v1.1c Standard LaTeX ifthen package (DPC)
)
(/usr/share/texlive/texmf-dist/tex/latex/tools/calc.sty
Package: calc 2014/10/28 v4.3 Infix arithmetic (KKT,FJ)
\calc@Acount=\count125
\calc@Bcount=\count126
\calc@Adimen=\dimen160
\calc@Bdimen=\dimen161
\calc@Askip=\skip70
\calc@Bskip=\skip71
LaTeX Info: Redefining \setlength on input line 80.
LaTeX Info: Redefining \addtolength on input line 81.
\calc@Ccount=\count127
\calc@Cskip=\skip72
)
\c@ibidem@author=\count128
\c@multiple@author=\count129
LaTeX Info: Redefining \jbarchnameformat on input line 945.
\jb@subarchitemwidth=\skip73
\jb@subarchentrywidth=\skip74
LaTeX Info: Redefining \jbapifont on input line 1216.
\jb@urlfile=\write5
 (./CG4IACS.url)
\jb@tempfile=\read1
\openout5 = `CG4IACS.url'.

\c@jbbibcnt=\count130
\c@jbbibcnta=\count131
\c@idemcnt=\count132
\c@bibnamereplace=\count133
\c@citefull=\count134
\c@opcit=\count135
\c@jb@cites@in@footnote=\count136
\jbbibhang=\skip75
\bibnumberwidth=\skip76
\jb@biblaw@entry@width=\skip77
\jb@biblaw@item@width=\skip78
LaTeX Font Info:    Try loading font information for U+msa on input line 3438.

(/usr/share/texlive/texmf-dist/tex/latex/amsfonts/umsa.fd
File: umsa.fd 2013/01/14 v3.01 AMS symbols A
)
LaTeX Font Info:    Try loading font information for U+msb on input line 3438.

(/usr/share/texlive/texmf-dist/tex/latex/amsfonts/umsb.fd
File: umsb.fd 2013/01/14 v3.01 AMS symbols B
)
LaTeX Info: Redefining \cite on input line 3744.
\jb@length@i=\skip79
\jb@length@ii=\skip80
\jb@length@iii=\skip81
\jb@temptoks=\toks23
\jbedwidth=\skip82
\jb@ta=\toks24
\jb@tb=\toks25

Package jurabib Info: *** Local config file `jurabib.cfg' used ***

(/usr/share/texlive/texmf-dist/tex/latex/jurabib/jurabib.cfg
File: jurabib.cfg jurabib local configuration file
))
(/usr/share/texlive/texmf-dist/tex/latex/hyperref/hyperref.sty
Package: hyperref 2012/11/06 v6.83m Hypertext links for LaTeX

(/usr/share/texlive/texmf-dist/tex/generic/oberdiek/hobsub-hyperref.sty
Package: hobsub-hyperref 2012/05/28 v1.13 Bundle oberdiek, subset hyperref (HO)


(/usr/share/texlive/texmf-dist/tex/generic/oberdiek/hobsub-generic.sty
Package: hobsub-generic 2012/05/28 v1.13 Bundle oberdiek, subset generic (HO)
Package: hobsub 2012/05/28 v1.13 Construct package bundles (HO)
Package hobsub Info: Skipping package `infwarerr' (already loaded).
Package hobsub Info: Skipping package `ltxcmds' (already loaded).
Package: ifluatex 2010/03/01 v1.3 Provides the ifluatex switch (HO)
Package ifluatex Info: LuaTeX not detected.
Package: ifvtex 2010/03/01 v1.5 Detect VTeX and its facilities (HO)
Package ifvtex Info: VTeX not detected.
Package: intcalc 2007/09/27 v1.1 Expandable calculations with integers (HO)
Package: ifpdf 2011/01/30 v2.3 Provides the ifpdf switch (HO)
Package ifpdf Info: pdfTeX in PDF mode is detected.
Package: etexcmds 2011/02/16 v1.5 Avoid name clashes with e-TeX commands (HO)
Package etexcmds Info: Could not find \expanded.
(etexcmds)             That can mean that you are not using pdfTeX 1.50 or
(etexcmds)             that some package has redefined \expanded.
(etexcmds)             In the latter case, load this package earlier.
Package: kvsetkeys 2012/04/25 v1.16 Key value parser (HO)
Package: kvdefinekeys 2011/04/07 v1.3 Define keys (HO)
Package: pdftexcmds 2011/11/29 v0.20 Utility functions of pdfTeX for LuaTeX (HO
)
Package pdftexcmds Info: LuaTeX not detected.
Package pdftexcmds Info: \pdf@primitive is available.
Package pdftexcmds Info: \pdf@ifprimitive is available.
Package pdftexcmds Info: \pdfdraftmode found.
Package: pdfescape 2011/11/25 v1.13 Implements pdfTeX's escape features (HO)
Package: bigintcalc 2012/04/08 v1.3 Expandable calculations on big integers (HO
)
Package: bitset 2011/01/30 v1.1 Handle bit-vector datatype (HO)
Package: uniquecounter 2011/01/30 v1.2 Provide unlimited unique counter (HO)
)
Package hobsub Info: Skipping package `hobsub' (already loaded).
Package: letltxmacro 2010/09/02 v1.4 Let assignment for LaTeX macros (HO)
Package: hopatch 2012/05/28 v1.2 Wrapper for package hooks (HO)
Package: xcolor-patch 2011/01/30 xcolor patch
Package: atveryend 2011/06/30 v1.8 Hooks at the very end of document (HO)
Package atveryend Info: \enddocument detected (standard20110627).
Package: atbegshi 2011/10/05 v1.16 At begin shipout hook (HO)
Package: refcount 2011/10/16 v3.4 Data extraction from label references (HO)
Package: hycolor 2011/01/30 v1.7 Color options for hyperref/bookmark (HO)
)
(/usr/share/texlive/texmf-dist/tex/generic/ifxetex/ifxetex.sty
Package: ifxetex 2010/09/12 v0.6 Provides ifxetex conditional
)
(/usr/share/texlive/texmf-dist/tex/latex/oberdiek/auxhook.sty
Package: auxhook 2011/03/04 v1.3 Hooks for auxiliary files (HO)
)
(/usr/share/texlive/texmf-dist/tex/latex/oberdiek/kvoptions.sty
Package: kvoptions 2011/06/30 v3.11 Key value format for package options (HO)
)
\@linkdim=\dimen162
\Hy@linkcounter=\count137
\Hy@pagecounter=\count138

(/usr/share/texlive/texmf-dist/tex/latex/hyperref/pd1enc.def
File: pd1enc.def 2012/11/06 v6.83m Hyperref: PDFDocEncoding definition (HO)
)
\Hy@SavedSpaceFactor=\count139

(/usr/share/texlive/texmf-dist/tex/latex/latexconfig/hyperref.cfg
File: hyperref.cfg 2002/06/06 v1.2 hyperref configuration of TeXLive
)
Package hyperref Info: Hyper figures OFF on input line 4443.
Package hyperref Info: Link nesting OFF on input line 4448.
Package hyperref Info: Hyper index ON on input line 4451.
Package hyperref Info: Plain pages OFF on input line 4458.
Package hyperref Info: Backreferencing OFF on input line 4463.
Package hyperref Info: Implicit mode ON; LaTeX internals redefined.
Package hyperref Info: Bookmarks ON on input line 4688.
\c@Hy@tempcnt=\count140
LaTeX Info: Redefining \url on input line 5041.
\XeTeXLinkMargin=\dimen163
\Fld@menulength=\count141
\Field@Width=\dimen164
\Fld@charsize=\dimen165
Package hyperref Info: Hyper figures OFF on input line 6295.
Package hyperref Info: Link nesting OFF on input line 6300.
Package hyperref Info: Hyper index ON on input line 6303.
Package hyperref Info: backreferencing OFF on input line 6310.
Package hyperref Info: Link coloring OFF on input line 6315.
Package hyperref Info: Link coloring with OCG OFF on input line 6320.
Package hyperref Info: PDF/A mode OFF on input line 6325.
LaTeX Info: Redefining \ref on input line 6365.
LaTeX Info: Redefining \pageref on input line 6369.
\Hy@abspage=\count142
\c@Item=\count143
\c@Hfootnote=\count144
)

Package hyperref Message: Driver (autodetected): hpdftex.

(/usr/share/texlive/texmf-dist/tex/latex/hyperref/hpdftex.def
File: hpdftex.def 2012/11/06 v6.83m Hyperref driver for pdfTeX
\Fld@listcount=\count145
\c@bookmark@seq@number=\count146

(/usr/share/texlive/texmf-dist/tex/latex/oberdiek/rerunfilecheck.sty
Package: rerunfilecheck 2011/04/15 v1.7 Rerun checks for auxiliary files (HO)
Package uniquecounter Info: New unique counter `rerunfilecheck' on input line 2
82.
)
\Hy@SectionHShift=\skip83
)

Package hyperref Warning: Option `bookmarks' has already been used,
(hyperref)                setting the option has no effect on input line 48.

Package hyperref Info: Option `unicode' set `false' on input line 48.
Package hyperref Info: Option `pdftoolbar' set `true' on input line 48.
Package hyperref Info: Option `pdfmenubar' set `true' on input line 48.
Package hyperref Info: Option `pdffitwindow' set `false' on input line 48.
Package hyperref Info: Option `pdfnewwindow' set `true' on input line 48.
Package hyperref Info: Option `colorlinks' set `false' on input line 48.
\mylength=\skip84
(./CG4IACS.aux)
\openout1 = `CG4IACS.aux'.

LaTeX Font Info:    Checking defaults for OML/cmm/m/it on input line 57.
LaTeX Font Info:    ... okay on input line 57.
LaTeX Font Info:    Checking defaults for T1/cmr/m/n on input line 57.
LaTeX Font Info:    ... okay on input line 57.
LaTeX Font Info:    Checking defaults for OT1/cmr/m/n on input line 57.
LaTeX Font Info:    ... okay on input line 57.
LaTeX Font Info:    Checking defaults for OMS/cmsy/m/n on input line 57.
LaTeX Font Info:    ... okay on input line 57.
LaTeX Font Info:    Checking defaults for OMX/cmex/m/n on input line 57.
LaTeX Font Info:    ... okay on input line 57.
LaTeX Font Info:    Checking defaults for U/cmr/m/n on input line 57.
LaTeX Font Info:    ... okay on input line 57.
LaTeX Font Info:    Checking defaults for PD1/pdf/m/n on input line 57.
LaTeX Font Info:    ... okay on input line 57.
Package caption Info: Begin \AtBeginDocument code.
Package caption Info: subfig package v1.3 is loaded.
Package caption Info: hyperref package is loaded.
Package caption Info: xtab package is loaded.
Package caption Info: End \AtBeginDocument code.
 (/usr/share/texlive/texmf-dist/tex/context/base/supp-pdf.mkii
[Loading MPS to PDF converter (version 2006.09.02).]
\scratchcounter=\count147
\scratchdimen=\dimen166
\scratchbox=\box32
\nofMPsegments=\count148
\nofMParguments=\count149
\everyMPshowfont=\toks26
\MPscratchCnt=\count150
\MPscratchDim=\dimen167
\MPnumerator=\count151
\makeMPintoPDFobject=\count152
\everyMPtoPDFconversion=\toks27
) (/usr/share/texlive/texmf-dist/tex/latex/oberdiek/epstopdf-base.sty
Package: epstopdf-base 2010/02/09 v2.5 Base part for package epstopdf

(/usr/share/texlive/texmf-dist/tex/latex/oberdiek/grfext.sty
Package: grfext 2010/08/19 v1.1 Manage graphics extensions (HO)
)
Package grfext Info: Graphics extension search list:
(grfext)             [.png,.pdf,.jpg,.mps,.jpeg,.jbig2,.jb2,.PNG,.PDF,.JPG,.JPE
G,.JBIG2,.JB2,.eps]
(grfext)             \AppendGraphicsExtensions on input line 452.

(/usr/share/texlive/texmf-dist/tex/latex/latexconfig/epstopdf-sys.cfg
File: epstopdf-sys.cfg 2010/07/13 v1.3 Configuration of (r)epstopdf for TeX Liv
e
))
(/usr/share/texlive/texmf-dist/tex/latex/jurabib/enjbbib.ldf
File: enjbbib.ldf jurabib English language definitions
)
\AtBeginShipoutBox=\box33
Package hyperref Info: Link coloring OFF on input line 57.

(/usr/share/texlive/texmf-dist/tex/latex/hyperref/nameref.sty
Package: nameref 2012/10/27 v2.43 Cross-referencing by name of section

(/usr/share/texlive/texmf-dist/tex/generic/oberdiek/gettitlestring.sty
Package: gettitlestring 2010/12/03 v1.4 Cleanup title references (HO)
)
\c@section@level=\count153
)
LaTeX Info: Redefining \ref on input line 57.
LaTeX Info: Redefining \pageref on input line 57.
LaTeX Info: Redefining \nameref on input line 57.

(./CG4IACS.out) (./CG4IACS.out)
\@outlinefile=\write6
\openout6 = `CG4IACS.out'.

 [1
Non-PDF special ignored!

{/var/lib/texmf/fonts/map/pdftex/updmap/pdftex.map}]
[1] (./CG4IACS.toc)
\tf@toc=\write7
\openout7 = `CG4IACS.toc'.



Package Fancyhdr Warning: \headheight is too small (12.0pt): 
 Make it at least 14.49998pt.
 We now make it that large for the rest of the document.
 This may cause the page layout to be inconsistent, however.

pdfTeX warning (ext4): destination with the same identifier (name{page.i}) has 
been already used, duplicate ignored
<to be read again> 
                   \relax 
l.96 \newpage
              [1]

Package Fancyhdr Warning: \headheight is too small (12.0pt): 
 Make it at least 14.49998pt.
 We now make it that large for the rest of the document.
 This may cause the page layout to be inconsistent, however.

[1]

Package Fancyhdr Warning: \headheight is too small (12.0pt): 
 Make it at least 14.49998pt.
 We now make it that large for the rest of the document.
 This may cause the page layout to be inconsistent, however.

[2]

Package Fancyhdr Warning: \headheight is too small (12.0pt): 
 Make it at least 14.49998pt.
 We now make it that large for the rest of the document.
 This may cause the page layout to be inconsistent, however.

[3] <./figures/circuit.pdf, id=196, 321.2pt x 117.43875pt>
File: ./figures/circuit.pdf Graphic file (type pdf)

<use ./figures/circuit.pdf>
Package pdftex.def Info: ./figures/circuit.pdf used on input line 150.
(pdftex.def)             Requested size: 321.19922pt x 117.43845pt.


Package Fancyhdr Warning: \headheight is too small (12.0pt): 
 Make it at least 14.49998pt.
 We now make it that large for the rest of the document.
 This may cause the page layout to be inconsistent, however.

[4 <./figures/circuit.pdf>]

pdfTeX warning: pdflatex (file ./figures/cat.pdf): PDF inclusion: found PDF ver
sion <1.7>, but at most version <1.5> allowed
<./figures/cat.pdf, id=246, 47.80168pt x 17.6421pt>
File: ./figures/cat.pdf Graphic file (type pdf)
 <use ./figures/cat.pdf>
Package pdftex.def Info: ./figures/cat.pdf used on input line 186.
(pdftex.def)             Requested size: 47.80154pt x 17.64204pt.


Package Fancyhdr Warning: \headheight is too small (12.0pt): 
 Make it at least 14.49998pt.
 We now make it that large for the rest of the document.
 This may cause the page layout to be inconsistent, however.

[5]

pdfTeX warning: pdflatex (file ./figures/catbert.pdf): PDF inclusion: found PDF
 version <1.7>, but at most version <1.5> allowed
<./figures/catbert.pdf, id=262, 47.80168pt x 17.6421pt>
File: ./figures/catbert.pdf Graphic file (type pdf)

<use ./figures/catbert.pdf>
Package pdftex.def Info: ./figures/catbert.pdf used on input line 195.
(pdftex.def)             Requested size: 47.80154pt x 17.64204pt.


pdfTeX warning: pdflatex (file ./figures/catbertGreenMat.pdf): PDF inclusion: f
ound PDF version <1.7>, but at most version <1.5> allowed
<./figures/catbertGreenMat.pdf, id=264, 289.36516pt x 18.21114pt>
File: ./figures/catbertGreenMat.pdf Graphic file (type pdf)

<use ./figures/catbertGreenMat.pdf>
Package pdftex.def Info: ./figures/catbertGreenMat.pdf used on input line 204.
(pdftex.def)             Requested size: 289.36444pt x 18.21107pt.

<./figures/ontology.pdf, id=266, 350.30875pt x 175.65625pt>
File: ./figures/ontology.pdf Graphic file (type pdf)

<use ./figures/ontology.pdf>
Package pdftex.def Info: ./figures/ontology.pdf used on input line 214.
(pdftex.def)             Requested size: 350.30789pt x 175.6558pt.


pdfTeX warning: pdflatex (file ./figures/animalOnMat.pdf): PDF inclusion: found
 PDF version <1.7>, but at most version <1.5> allowed
<./figures/animalOnMat.pdf, id=269, 168.72566pt x 18.21114pt>
File: ./figures/animalOnMat.pdf Graphic file (type pdf)

<use ./figures/animalOnMat.pdf>
Package pdftex.def Info: ./figures/animalOnMat.pdf used on input line 223.
(pdftex.def)             Requested size: 168.72525pt x 18.21107pt.


Package Fancyhdr Warning: \headheight is too small (12.0pt): 
 Make it at least 14.49998pt.
 We now make it that large for the rest of the document.
 This may cause the page layout to be inconsistent, however.

[6 <./figures/cat.pdf> <./figures/catbert.pdf> <./figures/catbertGreenMat.pdf>]


pdfTeX warning: pdflatex (file ./figures/catbertOnMat.pdf): PDF inclusion: foun
d PDF version <1.7>, but at most version <1.5> allowed
<./figures/catbertOnMat.pdf, id=568, 168.15654pt x 17.92657pt>
File: ./figures/catbertOnMat.pdf Graphic file (type pdf)

<use ./figures/catbertOnMat.pdf>
Package pdftex.def Info: ./figures/catbertOnMat.pdf used on input line 232.
(pdftex.def)             Requested size: 168.15611pt x 17.92651pt.


Package Fancyhdr Warning: \headheight is too small (12.0pt): 
 Make it at least 14.49998pt.
 We now make it that large for the rest of the document.
 This may cause the page layout to be inconsistent, however.

[7 <./figures/ontology.pdf> <./figures/animalOnMat.pdf> <./figures/catbertOnMat
.pdf>]

pdfTeX warning: pdflatex (file ./figures/paddlesteamer.pdf): PDF inclusion: fou
nd PDF version <1.7>, but at most version <1.5> allowed
<./figures/paddlesteamer.pdf, id=796, 318.67136pt x 62.88193pt>
File: ./figures/paddlesteamer.pdf Graphic file (type pdf)

<use ./figures/paddlesteamer.pdf>
Package pdftex.def Info: ./figures/paddlesteamer.pdf used on input line 250.
(pdftex.def)             Requested size: 318.67056pt x 62.88176pt.


pdfTeX warning: pdflatex (file ./figures/microwavePA.pdf): PDF inclusion: found
 PDF version <1.7>, but at most version <1.5> allowed
<./figures/microwavePA.pdf, id=797, 289.08061pt x 18.78026pt>
File: ./figures/microwavePA.pdf Graphic file (type pdf)

<use ./figures/microwavePA.pdf>
Package pdftex.def Info: ./figures/microwavePA.pdf used on input line 251.
(pdftex.def)             Requested size: 289.0799pt x 18.7802pt.


Package Fancyhdr Warning: \headheight is too small (12.0pt): 
 Make it at least 14.49998pt.
 We now make it that large for the rest of the document.
 This may cause the page layout to be inconsistent, however.

[8 <./figures/paddlesteamer.pdf> <./figures/microwavePA.pdf>]
Underfull \hbox (badness 10000) in paragraph at lines 260--260
[][][]\OT1/cmr/m/n/10 See, e.g., []$\OT1/cmtt/m/n/10 http : / / en . wikipedia 
. org / wiki / Knowledge _ representation _ and _
 []


Package Fancyhdr Warning: \headheight is too small (12.0pt): 
 Make it at least 14.49998pt.
 We now make it that large for the rest of the document.
 This may cause the page layout to be inconsistent, however.

[9]

pdfTeX warning: pdflatex (file ./figures/SpecA.pdf): PDF inclusion: found PDF v
ersion <1.7>, but at most version <1.5> allowed
<./figures/SpecA.pdf, id=1014, 168.15654pt x 17.92657pt>
File: ./figures/SpecA.pdf Graphic file (type pdf)

<use ./figures/SpecA.pdf>
Package pdftex.def Info: ./figures/SpecA.pdf used on input line 272.
(pdftex.def)             Requested size: 168.15611pt x 17.92651pt.


pdfTeX warning: pdflatex (file ./figures/SpecB.pdf): PDF inclusion: found PDF v
ersion <1.7>, but at most version <1.5> allowed
<./figures/SpecB.pdf, id=1015, 168.15654pt x 17.6421pt>
File: ./figures/SpecB.pdf Graphic file (type pdf)

<use ./figures/SpecB.pdf>
Package pdftex.def Info: ./figures/SpecB.pdf used on input line 273.
(pdftex.def)             Requested size: 168.15611pt x 17.64204pt.


pdfTeX warning: pdflatex (file ./figures/SpecB2.pdf): PDF inclusion: found PDF 
version <1.7>, but at most version <1.5> allowed
<./figures/SpecB2.pdf, id=1016, 288.79604pt x 17.6421pt>
File: ./figures/SpecB2.pdf Graphic file (type pdf)

<use ./figures/SpecB2.pdf>
Package pdftex.def Info: ./figures/SpecB2.pdf used on input line 274.
(pdftex.def)             Requested size: 288.79532pt x 17.64204pt.


pdfTeX warning: pdflatex (file ./figures/SpecC.pdf): PDF inclusion: found PDF v
ersion <1.7>, but at most version <1.5> allowed
<./figures/SpecC.pdf, id=1019, 168.15654pt x 17.6421pt>
File: ./figures/SpecC.pdf Graphic file (type pdf)

<use ./figures/SpecC.pdf>
Package pdftex.def Info: ./figures/SpecC.pdf used on input line 283.
(pdftex.def)             Requested size: 168.15611pt x 17.64204pt.


pdfTeX warning: pdflatex (file ./figures/SpecD.pdf): PDF inclusion: found PDF v
ersion <1.7>, but at most version <1.5> allowed
<./figures/SpecD.pdf, id=1020, 168.15654pt x 17.92667pt>
File: ./figures/SpecD.pdf Graphic file (type pdf)

<use ./figures/SpecD.pdf>
Package pdftex.def Info: ./figures/SpecD.pdf used on input line 284.
(pdftex.def)             Requested size: 168.15611pt x 17.9266pt.


pdfTeX warning: pdflatex (file ./figures/SpecE.pdf): PDF inclusion: found PDF v
ersion <1.7>, but at most version <1.5> allowed
<./figures/SpecE.pdf, id=1023, 289.64972pt x 64.01997pt>
File: ./figures/SpecE.pdf Graphic file (type pdf)

<use ./figures/SpecE.pdf>
Package pdftex.def Info: ./figures/SpecE.pdf used on input line 293.
(pdftex.def)             Requested size: 289.649pt x 64.0198pt.


pdfTeX warning: pdflatex (file ./figures/SpecF.pdf): PDF inclusion: found PDF v
ersion <1.7>, but at most version <1.5> allowed
<./figures/SpecF.pdf, id=1024, 288.79604pt x 63.45105pt>
File: ./figures/SpecF.pdf Graphic file (type pdf)

<use ./figures/SpecF.pdf>
Package pdftex.def Info: ./figures/SpecF.pdf used on input line 294.
(pdftex.def)             Requested size: 288.79532pt x 63.45088pt.


Package Fancyhdr Warning: \headheight is too small (12.0pt): 
 Make it at least 14.49998pt.
 We now make it that large for the rest of the document.
 This may cause the page layout to be inconsistent, however.

[10 <./figures/SpecA.pdf> <./figures/SpecB.pdf> <./figures/SpecB2.pdf> <./figur
es/SpecC.pdf> <./figures/SpecD.pdf>]
Overfull \hbox (7.81393pt too wide) in paragraph at lines 309--310
[]\OT1/cmr/m/n/12 Generalization and spe-cial-iza-tion are na-tive con-cepts fo
r con-cep-tual graphs,
 []


Package Fancyhdr Warning: \headheight is too small (12.0pt): 
 Make it at least 14.49998pt.
 We now make it that large for the rest of the document.
 This may cause the page layout to be inconsistent, however.

[11 <./figures/SpecE.pdf> <./figures/SpecF.pdf>]

pdfTeX warning: pdflatex (file ./figures/car.pdf): PDF inclusion: found PDF ver
sion <1.7>, but at most version <1.5> allowed
<./figures/car.pdf, id=1734, 289.36516pt x 63.73552pt>
File: ./figures/car.pdf Graphic file (type pdf)
 <use ./figures/car.pdf>
Package pdftex.def Info: ./figures/car.pdf used on input line 332.
(pdftex.def)             Requested size: 289.36444pt x 63.73535pt.


Package Fancyhdr Warning: \headheight is too small (12.0pt): 
 Make it at least 14.49998pt.
 We now make it that large for the rest of the document.
 This may cause the page layout to be inconsistent, however.

[12]

pdfTeX warning: pdflatex (file ./figures/specialink.pdf): PDF inclusion: found 
PDF version <1.7>, but at most version <1.5> allowed
<./figures/specialink.pdf, id=1750, 168.44109pt x 17.6421pt>
File: ./figures/specialink.pdf Graphic file (type pdf)

<use ./figures/specialink.pdf>
Package pdftex.def Info: ./figures/specialink.pdf used on input line 352.
(pdftex.def)             Requested size: 168.44066pt x 17.64204pt.


pdfTeX warning: pdflatex (file ./figures/blackink.pdf): PDF inclusion: found PD
F version <1.7>, but at most version <1.5> allowed
<./figures/blackink.pdf, id=1751, 168.15654pt x 17.6421pt>
File: ./figures/blackink.pdf Graphic file (type pdf)

<use ./figures/blackink.pdf>
Package pdftex.def Info: ./figures/blackink.pdf used on input line 353.
(pdftex.def)             Requested size: 168.15611pt x 17.64204pt.


pdfTeX warning: pdflatex (file ./figures/maxjoin.pdf): PDF inclusion: found PDF
 version <1.7>, but at most version <1.5> allowed
<./figures/maxjoin.pdf, id=1752, 288.79604pt x 18.21114pt>
File: ./figures/maxjoin.pdf Graphic file (type pdf)

<use ./figures/maxjoin.pdf>
Package pdftex.def Info: ./figures/maxjoin.pdf used on input line 354.
(pdftex.def)             Requested size: 288.79532pt x 18.21107pt.


Package Fancyhdr Warning: \headheight is too small (12.0pt): 
 Make it at least 14.49998pt.
 We now make it that large for the rest of the document.
 This may cause the page layout to be inconsistent, however.

[13 <./figures/car.pdf>]

pdfTeX warning: pdflatex (file ./figures/oscillator.pdf): PDF inclusion: found 
PDF version <1.7>, but at most version <1.5> allowed
<./figures/oscillator.pdf, id=1872, 169.29477pt x 169.29509pt>
File: ./figures/oscillator.pdf Graphic file (type pdf)

<use ./figures/oscillator.pdf>
Package pdftex.def Info: ./figures/oscillator.pdf used on input line 367.
(pdftex.def)             Requested size: 169.29434pt x 169.29466pt.


pdfTeX warning: pdflatex (file ./figures/parrot.pdf): PDF inclusion: found PDF 
version <1.7>, but at most version <1.5> allowed
<./figures/parrot.pdf, id=1873, 169.01022pt x 168.72606pt>
File: ./figures/parrot.pdf Graphic file (type pdf)

<use ./figures/parrot.pdf>
Package pdftex.def Info: ./figures/parrot.pdf used on input line 368.
(pdftex.def)             Requested size: 169.0098pt x 168.72565pt.


pdfTeX warning: pdflatex (file ./figures/leastgen.pdf): PDF inclusion: found PD
F version <1.7>, but at most version <1.5> allowed
<./figures/leastgen.pdf, id=1874, 183.52104pt x 93.32637pt>
File: ./figures/leastgen.pdf Graphic file (type pdf)

<use ./figures/leastgen.pdf>
Package pdftex.def Info: ./figures/leastgen.pdf used on input line 369.
(pdftex.def)             Requested size: 183.52058pt x 93.32614pt.


Package Fancyhdr Warning: \headheight is too small (12.0pt): 
 Make it at least 14.49998pt.
 We now make it that large for the rest of the document.
 This may cause the page layout to be inconsistent, however.

[14 <./figures/specialink.pdf> <./figures/blackink.pdf> <./figures/maxjoin.pdf>
]

Package Fancyhdr Warning: \headheight is too small (12.0pt): 
 Make it at least 14.49998pt.
 We now make it that large for the rest of the document.
 This may cause the page layout to be inconsistent, however.

[15 <./figures/oscillator.pdf> <./figures/parrot.pdf> <./figures/leastgen.pdf>]


pdfTeX warning: pdflatex (file ./figures/happycat.pdf): PDF inclusion: found PD
F version <1.7>, but at most version <1.5> allowed
<./figures/happycat.pdf, id=2414, 206.56783pt x 139.13521pt>
File: ./figures/happycat.pdf Graphic file (type pdf)

<use ./figures/happycat.pdf>
Package pdftex.def Info: ./figures/happycat.pdf used on input line 392.
(pdftex.def)             Requested size: 206.5673pt x 139.13486pt.


Package Fancyhdr Warning: \headheight is too small (12.0pt): 
 Make it at least 14.49998pt.
 We now make it that large for the rest of the document.
 This may cause the page layout to be inconsistent, however.

[16 <./figures/happycat.pdf>]
<./figures/ruleclouds.pdf, id=2495, 319.1925pt x 81.30376pt>
File: ./figures/ruleclouds.pdf Graphic file (type pdf)

<use ./figures/ruleclouds.pdf>
Package pdftex.def Info: ./figures/ruleclouds.pdf used on input line 401.
(pdftex.def)             Requested size: 255.35434pt x 65.04308pt.


Package Fancyhdr Warning: \headheight is too small (12.0pt): 
 Make it at least 14.49998pt.
 We now make it that large for the rest of the document.
 This may cause the page layout to be inconsistent, however.

[17 <./figures/ruleclouds.pdf>]

pdfTeX warning: pdflatex (file ./figures/uwaveprobsol.pdf): PDF inclusion: foun
d PDF version <1.7>, but at most version <1.5> allowed
<./figures/uwaveprobsol.pdf, id=2528, 320.66309pt x 185.79764pt>
File: ./figures/uwaveprobsol.pdf Graphic file (type pdf)

<use ./figures/uwaveprobsol.pdf>
Package pdftex.def Info: ./figures/uwaveprobsol.pdf used on input line 424.
(pdftex.def)             Requested size: 320.6623pt x 185.79716pt.


Package Fancyhdr Warning: \headheight is too small (12.0pt): 
 Make it at least 14.49998pt.
 We now make it that large for the rest of the document.
 This may cause the page layout to be inconsistent, however.

[18 <./figures/uwaveprobsol.pdf>]

pdfTeX warning: pdflatex (file ./figures/notrotisserie.pdf): PDF inclusion: fou
nd PDF version <1.7>, but at most version <1.5> allowed
<./figures/notrotisserie.pdf, id=2607, 320.66309pt x 184.94405pt>
File: ./figures/notrotisserie.pdf Graphic file (type pdf)

<use ./figures/notrotisserie.pdf>
Package pdftex.def Info: ./figures/notrotisserie.pdf used on input line 442.
(pdftex.def)             Requested size: 320.6623pt x 184.94357pt.


pdfTeX warning: pdflatex (file ./figures/pencilclaim.pdf): PDF inclusion: found
 PDF version <1.7>, but at most version <1.5> allowed
<./figures/pencilclaim.pdf, id=2612, 200.87717pt x 216.52655pt>
File: ./figures/pencilclaim.pdf Graphic file (type pdf)

<use ./figures/pencilclaim.pdf>
Package pdftex.def Info: ./figures/pencilclaim.pdf used on input line 455.
(pdftex.def)             Requested size: 200.87668pt x 216.526pt.


Package Fancyhdr Warning: \headheight is too small (12.0pt): 
 Make it at least 14.49998pt.
 We now make it that large for the rest of the document.
 This may cause the page layout to be inconsistent, however.

[19 <./figures/notrotisserie.pdf>]

pdfTeX warning: pdflatex (file ./figures/switchdoodad.pdf): PDF inclusion: foun
d PDF version <1.7>, but at most version <1.5> allowed
<./figures/switchdoodad.pdf, id=2693, 240.711pt x 283.39044pt>
File: ./figures/switchdoodad.pdf Graphic file (type pdf)

<use ./figures/switchdoodad.pdf>
Package pdftex.def Info: ./figures/switchdoodad.pdf used on input line 468.
(pdftex.def)             Requested size: 240.71039pt x 283.38974pt.


pdfTeX warning: pdflatex (file ./figures/indembodiment.pdf): PDF inclusion: fou
nd PDF version <1.7>, but at most version <1.5> allowed
<./figures/indembodiment.pdf, id=2697, 355.65994pt x 416.54903pt>
File: ./figures/indembodiment.pdf Graphic file (type pdf)

<use ./figures/indembodiment.pdf>
Package pdftex.def Info: ./figures/indembodiment.pdf used on input line 479.
(pdftex.def)             Requested size: 355.65907pt x 416.548pt.


Package Fancyhdr Warning: \headheight is too small (12.0pt): 
 Make it at least 14.49998pt.
 We now make it that large for the rest of the document.
 This may cause the page layout to be inconsistent, however.

[20 <./figures/pencilclaim.pdf>]

Package Fancyhdr Warning: \headheight is too small (12.0pt): 
 Make it at least 14.49998pt.
 We now make it that large for the rest of the document.
 This may cause the page layout to be inconsistent, however.

[21 <./figures/switchdoodad.pdf>]

Package Fancyhdr Warning: \headheight is too small (12.0pt): 
 Make it at least 14.49998pt.
 We now make it that large for the rest of the document.
 This may cause the page layout to be inconsistent, however.

[22 <./figures/indembodiment.pdf>]
Overfull \hbox (2.92303pt too wide) in paragraph at lines 501--502
[]\OT1/cmr/bx/n/12 Deployment\OT1/cmr/m/n/12 : The text and fig-ures of the pat
ent ap-pli-ca-tion are drafted
 []


Package Fancyhdr Warning: \headheight is too small (12.0pt): 
 Make it at least 14.49998pt.
 We now make it that large for the rest of the document.
 This may cause the page layout to be inconsistent, however.

[23]

Package Fancyhdr Warning: \headheight is too small (12.0pt): 
 Make it at least 14.49998pt.
 We now make it that large for the rest of the document.
 This may cause the page layout to be inconsistent, however.

[24]

Package Fancyhdr Warning: \headheight is too small (12.0pt): 
 Make it at least 14.49998pt.
 We now make it that large for the rest of the document.
 This may cause the page layout to be inconsistent, however.

[25]

Package Fancyhdr Warning: \headheight is too small (12.0pt): 
 Make it at least 14.49998pt.
 We now make it that large for the rest of the document.
 This may cause the page layout to be inconsistent, however.

[26]

Package Fancyhdr Warning: \headheight is too small (12.0pt): 
 Make it at least 14.49998pt.
 We now make it that large for the rest of the document.
 This may cause the page layout to be inconsistent, however.

[27]
Overfull \hbox (0.35706pt too wide) in paragraph at lines 541--542
[]\OT1/cmr/m/n/12 On the other hand, in-ter-pret-ing nat-u-ral lan-guage is a v
ery dif-fi-cult (largely
 []

(./CG4IACS.bbl

Package Fancyhdr Warning: \headheight is too small (12.0pt): 
 Make it at least 14.49998pt.
 We now make it that large for the rest of the document.
 This may cause the page layout to be inconsistent, however.

[28])

Package Fancyhdr Warning: \headheight is too small (12.0pt): 
 Make it at least 14.49998pt.
 We now make it that large for the rest of the document.
 This may cause the page layout to be inconsistent, however.

[29]

pdfTeX warning: pdflatex (file ./figures/wf_emb1.pdf): PDF inclusion: found PDF
 version <1.7>, but at most version <1.5> allowed
<./figures/wf_emb1.pdf, id=2962, 343.14076pt x 282.53676pt>
File: ./figures/wf_emb1.pdf Graphic file (type pdf)

<use ./figures/wf_emb1.pdf>
Package pdftex.def Info: ./figures/wf_emb1.pdf used on input line 561.
(pdftex.def)             Requested size: 272.99881pt x 224.7924pt.


pdfTeX warning: pdflatex (file ./figures/wf_pa1.pdf): PDF inclusion: found PDF 
version <1.7>, but at most version <1.5> allowed
<./figures/wf_pa1.pdf, id=2963, 320.94756pt x 94.46442pt>
File: ./figures/wf_pa1.pdf Graphic file (type pdf)

<use ./figures/wf_pa1.pdf>
Package pdftex.def Info: ./figures/wf_pa1.pdf used on input line 568.
(pdftex.def)             Requested size: 272.99881pt x 80.35277pt.


Package Fancyhdr Warning: \headheight is too small (12.0pt): 
 Make it at least 14.49998pt.
 We now make it that large for the rest of the document.
 This may cause the page layout to be inconsistent, however.

[30 <./figures/wf_emb1.pdf> <./figures/wf_pa1.pdf>]

pdfTeX warning: pdflatex (file ./figures/wf_emb2.pdf): PDF inclusion: found PDF
 version <1.7>, but at most version <1.5> allowed
<./figures/wf_emb2.pdf, id=3104, 343.14076pt x 282.82143pt>
File: ./figures/wf_emb2.pdf Graphic file (type pdf)

<use ./figures/wf_emb2.pdf>
Package pdftex.def Info: ./figures/wf_emb2.pdf used on input line 575.
(pdftex.def)             Requested size: 272.99881pt x 225.01889pt.


pdfTeX warning: pdflatex (file ./figures/wf_pa2.pdf): PDF inclusion: found PDF 
version <1.7>, but at most version <1.5> allowed
<./figures/wf_pa2.pdf, id=3105, 358.50517pt x 245.83282pt>
File: ./figures/wf_pa2.pdf Graphic file (type pdf)

<use ./figures/wf_pa2.pdf>
Package pdftex.def Info: ./figures/wf_pa2.pdf used on input line 582.
(pdftex.def)             Requested size: 272.99881pt x 187.19873pt.


Package Fancyhdr Warning: \headheight is too small (12.0pt): 
 Make it at least 14.49998pt.
 We now make it that large for the rest of the document.
 This may cause the page layout to be inconsistent, however.

[31 <./figures/wf_emb2.pdf>]

pdfTeX warning: pdflatex (file ./figures/wf_emb3.pdf): PDF inclusion: found PDF
 version <1.7>, but at most version <1.5> allowed
<./figures/wf_emb3.pdf, id=3189, 343.99426pt x 283.67491pt>
File: ./figures/wf_emb3.pdf Graphic file (type pdf)

<use ./figures/wf_emb3.pdf>
Package pdftex.def Info: ./figures/wf_emb3.pdf used on input line 589.
(pdftex.def)             Requested size: 272.99881pt x 225.14389pt.


Package Fancyhdr Warning: \headheight is too small (12.0pt): 
 Make it at least 14.49998pt.
 We now make it that large for the rest of the document.
 This may cause the page layout to be inconsistent, however.

[32 <./figures/wf_pa2.pdf> <./figures/wf_emb3.pdf>]

pdfTeX warning: pdflatex (file ./figures/wf_rule1.pdf): PDF inclusion: found PD
F version <1.7>, but at most version <1.5> allowed
<./figures/wf_rule1.pdf, id=3329, 382.40547pt x 321.51698pt>
File: ./figures/wf_rule1.pdf Graphic file (type pdf)

<use ./figures/wf_rule1.pdf>
Package pdftex.def Info: ./figures/wf_rule1.pdf used on input line 596.
(pdftex.def)             Requested size: 272.99881pt x 229.54437pt.


pdfTeX warning: pdflatex (file ./figures/wf_rule2.pdf): PDF inclusion: found PD
F version <1.7>, but at most version <1.5> allowed
<./figures/wf_rule2.pdf, id=3330, 382.97458pt x 324.3622pt>
File: ./figures/wf_rule2.pdf Graphic file (type pdf)

<use ./figures/wf_rule2.pdf>
Package pdftex.def Info: ./figures/wf_rule2.pdf used on input line 603.
(pdftex.def)             Requested size: 272.99881pt x 231.21935pt.


Package Fancyhdr Warning: \headheight is too small (12.0pt): 
 Make it at least 14.49998pt.
 We now make it that large for the rest of the document.
 This may cause the page layout to be inconsistent, however.

[33 <./figures/wf_rule1.pdf>]

pdfTeX warning: pdflatex (file ./figures/wf_emb_ff.pdf): PDF inclusion: found P
DF version <1.7>, but at most version <1.5> allowed
<./figures/wf_emb_ff.pdf, id=3374, 351.67656pt x 193.19527pt>
File: ./figures/wf_emb_ff.pdf Graphic file (type pdf)

<use ./figures/wf_emb_ff.pdf>
Package pdftex.def Info: ./figures/wf_emb_ff.pdf used on input line 610.
(pdftex.def)             Requested size: 272.99881pt x 149.98125pt.


pdfTeX warning: pdflatex (file ./figures/wf_C1.pdf): PDF inclusion: found PDF v
ersion <1.7>, but at most version <1.5> allowed
<./figures/wf_C1.pdf, id=3375, 336.88118pt x 163.88908pt>
File: ./figures/wf_C1.pdf Graphic file (type pdf)

<use ./figures/wf_C1.pdf>
Package pdftex.def Info: ./figures/wf_C1.pdf used on input line 617.
(pdftex.def)             Requested size: 272.99881pt x 132.81194pt.


Package Fancyhdr Warning: \headheight is too small (12.0pt): 
 Make it at least 14.49998pt.
 We now make it that large for the rest of the document.
 This may cause the page layout to be inconsistent, however.

[34 <./figures/wf_rule2.pdf> <./figures/wf_emb_ff.pdf>]

pdfTeX warning: pdflatex (file ./figures/wf_rule3.pdf): PDF inclusion: found PD
F version <1.7>, but at most version <1.5> allowed
<./figures/wf_rule3.pdf, id=3489, 382.40547pt x 324.3622pt>
File: ./figures/wf_rule3.pdf Graphic file (type pdf)

<use ./figures/wf_rule3.pdf>
Package pdftex.def Info: ./figures/wf_rule3.pdf used on input line 624.
(pdftex.def)             Requested size: 272.99881pt x 231.5757pt.


pdfTeX warning: pdflatex (file ./figures/wf_pa3.pdf): PDF inclusion: found PDF 
version <1.7>, but at most version <1.5> allowed
<./figures/wf_pa3.pdf, id=3490, 361.3505pt x 188.3583pt>
File: ./figures/wf_pa3.pdf Graphic file (type pdf)

<use ./figures/wf_pa3.pdf>
Package pdftex.def Info: ./figures/wf_pa3.pdf used on input line 631.
(pdftex.def)             Requested size: 272.99881pt x 142.30592pt.


Package Fancyhdr Warning: \headheight is too small (12.0pt): 
 Make it at least 14.49998pt.
 We now make it that large for the rest of the document.
 This may cause the page layout to be inconsistent, however.

[35 <./figures/wf_C1.pdf> <./figures/wf_rule3.pdf>]

pdfTeX warning: pdflatex (file ./figures/wf_rule4.pdf): PDF inclusion: found PD
F version <1.7>, but at most version <1.5> allowed
<./figures/wf_rule4.pdf, id=3614, 382.40547pt x 320.94795pt>
File: ./figures/wf_rule4.pdf Graphic file (type pdf)

<use ./figures/wf_rule4.pdf>
Package pdftex.def Info: ./figures/wf_rule4.pdf used on input line 638.
(pdftex.def)             Requested size: 272.99881pt x 229.13812pt.


pdfTeX warning: pdflatex (file ./figures/wf_rule5.pdf): PDF inclusion: found PD
F version <1.7>, but at most version <1.5> allowed
<./figures/wf_rule5.pdf, id=3615, 384.96613pt x 324.07776pt>
File: ./figures/wf_rule5.pdf Graphic file (type pdf)

<use ./figures/wf_rule5.pdf>
Package pdftex.def Info: ./figures/wf_rule5.pdf used on input line 645.
(pdftex.def)             Requested size: 272.99881pt x 229.83472pt.


Package Fancyhdr Warning: \headheight is too small (12.0pt): 
 Make it at least 14.49998pt.
 We now make it that large for the rest of the document.
 This may cause the page layout to be inconsistent, however.

[36 <./figures/wf_pa3.pdf> <./figures/wf_rule4.pdf>]

pdfTeX warning: pdflatex (file ./figures/background.pdf): PDF inclusion: found 
PDF version <1.7>, but at most version <1.5> allowed
<./figures/background.pdf, id=3725, 339.15729pt x 211.40501pt>
File: ./figures/background.pdf Graphic file (type pdf)

<use ./figures/background.pdf>
Package pdftex.def Info: ./figures/background.pdf used on input line 652.
(pdftex.def)             Requested size: 272.99881pt x 170.16615pt.


Package Fancyhdr Warning: \headheight is too small (12.0pt): 
 Make it at least 14.49998pt.
 We now make it that large for the rest of the document.
 This may cause the page layout to be inconsistent, however.

[37 <./figures/wf_rule5.pdf> <./figures/background.pdf>]

Package Fancyhdr Warning: \headheight is too small (12.0pt): 
 Make it at least 14.49998pt.
 We now make it that large for the rest of the document.
 This may cause the page layout to be inconsistent, however.

[38]
LaTeX Font Info:    Try loading font information for OMS+cmr on input line 705.

 (/usr/share/texlive/texmf-dist/tex/latex/base/omscmr.fd
File: omscmr.fd 2014/09/29 v2.5h Standard LaTeX font definitions
)
LaTeX Font Info:    Font shape `OMS/cmr/m/n' in size <12> not available
(Font)              Font shape `OMS/cmsy/m/n' tried instead on input line 705.


Package Fancyhdr Warning: \headheight is too small (12.0pt): 
 Make it at least 14.49998pt.
 We now make it that large for the rest of the document.
 This may cause the page layout to be inconsistent, however.

[39]
Package atveryend Info: Empty hook `BeforeClearDocument' on input line 792.


Package Fancyhdr Warning: \headheight is too small (12.0pt): 
 Make it at least 14.49998pt.
 We now make it that large for the rest of the document.
 This may cause the page layout to be inconsistent, however.

[40]
Package atveryend Info: Empty hook `AfterLastShipout' on input line 792.
 (./CG4IACS.aux)
Package atveryend Info: Executing hook `AtVeryEndDocument' on input line 792.
Package atveryend Info: Executing hook `AtEndAfterFileList' on input line 792.
Package rerunfilecheck Info: File `CG4IACS.out' has not changed.
(rerunfilecheck)             Checksum: EFE6631CCC6F47108EC139EA63E84428;1328.
Package atveryend Info: Empty hook `AtVeryVeryEnd' on input line 792.
 ) 
Here is how much of TeX's memory you used:
 9868 strings out of 493029
 148909 string characters out of 6136233
 255273 words of memory out of 5000000
 13068 multiletter control sequences out of 15000+600000
 16165 words of font info for 63 fonts, out of 8000000 for 9000
 1141 hyphenation exceptions out of 8191
 44i,10n,49p,1375b,483s stack positions out of 5000i,500n,10000p,200000b,80000s
</usr/share/texlive/texmf-dist/fonts/type1/public/amsfonts/cm/cmbx12.pfb></us
r/share/texlive/texmf-dist/fonts/type1/public/amsfonts/cm/cmcsc10.pfb></usr/sha
re/texlive/texmf-dist/fonts/type1/public/amsfonts/cm/cmmi10.pfb></usr/share/tex
live/texmf-dist/fonts/type1/public/amsfonts/cm/cmmi12.pfb></usr/share/texlive/t
exmf-dist/fonts/type1/public/amsfonts/cm/cmr10.pfb></usr/share/texlive/texmf-di
st/fonts/type1/public/amsfonts/cm/cmr12.pfb></usr/share/texlive/texmf-dist/font
s/type1/public/amsfonts/cm/cmr17.pfb></usr/share/texlive/texmf-dist/fonts/type1
/public/amsfonts/cm/cmr7.pfb></usr/share/texlive/texmf-dist/fonts/type1/public/
amsfonts/cm/cmr8.pfb></usr/share/texlive/texmf-dist/fonts/type1/public/amsfonts
/cm/cmsy10.pfb></usr/share/texlive/texmf-dist/fonts/type1/public/amsfonts/cm/cm
ti10.pfb></usr/share/texlive/texmf-dist/fonts/type1/public/amsfonts/cm/cmti12.p
fb></usr/share/texlive/texmf-dist/fonts/type1/public/amsfonts/cm/cmtt10.pfb></u
sr/share/texlive/texmf-dist/fonts/type1/public/amsfonts/symbols/msbm10.pfb>
Output written on CG4IACS.pdf (43 pages, 2407383 bytes).
PDF statistics:
 3949 PDF objects out of 4296 (max. 8388607)
 2404 compressed objects within 25 object streams
 161 named destinations out of 1000 (max. 500000)
 397 words of extra memory for PDF output out of 10000 (max. 10000000)

