\BOOKMARK [1][-]{section.1}{Introduction}{}% 1
\BOOKMARK [1][-]{section.2}{Modeling, Language, and Visualization}{}% 2
\BOOKMARK [1][-]{section.3}{Conceptual Graphs}{}% 3
\BOOKMARK [1][-]{section.4}{Inventions}{}% 4
\BOOKMARK [1][-]{section.5}{Generalization and Specialization}{}% 5
\BOOKMARK [1][-]{section.6}{Inference}{}% 6
\BOOKMARK [2][-]{subsection.6.1}{Novelty and Infringement}{section.6}% 7
\BOOKMARK [2][-]{subsection.6.2}{Obviousness}{section.6}% 8
\BOOKMARK [2][-]{subsection.6.3}{Least Generalization}{section.6}% 9
\BOOKMARK [1][-]{section.7}{Claims}{}% 10
\BOOKMARK [2][-]{subsection.7.1}{Problem and Solution}{section.7}% 11
\BOOKMARK [2][-]{subsection.7.2}{Inventive Departure}{section.7}% 12
\BOOKMARK [2][-]{subsection.7.3}{First Claim}{section.7}% 13
\BOOKMARK [2][-]{subsection.7.4}{Fallback Claims}{section.7}% 14
\BOOKMARK [2][-]{subsection.7.5}{Definition Claims}{section.7}% 15
\BOOKMARK [2][-]{subsection.7.6}{Independent Embodiment}{section.7}% 16
\BOOKMARK [1][-]{section.8}{Systems Engineering and Patent Design}{}% 17
\BOOKMARK [1][-]{section.9}{Enterprise Applications}{}% 18
\BOOKMARK [1][-]{section.10}{Conclusion}{}% 19
\BOOKMARK [1][-]{appendix.A}{Example Workflow}{}% 20
\BOOKMARK [1][-]{appendix.B}{Correspondence between IACS and CGs}{}% 21
\BOOKMARK [1][-]{appendix.C}{Biographies}{}% 22
